Sample/Temp/gradleOut/unityLibrary/build/outputs/logs/manifest-merger-release-report.txt
-- Merging decision tree log ---
manifest
ADDED from src\main\AndroidManifest.xml:2:1-30:12
INJECTED from src\main\AndroidManifest.xml:2:1-30:12
INJECTED from src\main\AndroidManifest.xml:2:1-30:12
INJECTED from src\main\AndroidManifest.xml:2:1-30:12
INJECTED from src\main\AndroidManifest.xml:2:1-30:12
INJECTED from src\main\AndroidManifest.xml:2:1-30:12
INJECTED from src\main\AndroidManifest.xml:2:1-30:12
	package
		ADDED from src\main\AndroidManifest.xml:2:70-98
		INJECTED from src\main\AndroidManifest.xml
		INJECTED from src\main\AndroidManifest.xml
	android:versionName
		ADDED from src\main\AndroidManifest.xml:2:164-189
		INJECTED from src\main\AndroidManifest.xml
		INJECTED from src\main\AndroidManifest.xml
	xmlns:android
		ADDED from src\main\AndroidManifest.xml:2:11-69
	android:versionCode
		ADDED from src\main\AndroidManifest.xml:2:140-163
		INJECTED from src\main\AndroidManifest.xml
		INJECTED from src\main\AndroidManifest.xml
	android:installLocation
		ADDED from src\main\AndroidManifest.xml:2:99-139
supports-screens
ADDED from src\main\AndroidManifest.xml:3:3-163
	android:largeScreens
		ADDED from src\main\AndroidManifest.xml:3:78-105
	android:smallScreens
		ADDED from src\main\AndroidManifest.xml:3:21-48
	android:normalScreens
		ADDED from src\main\AndroidManifest.xml:3:49-77
	android:xlargeScreens
		ADDED from src\main\AndroidManifest.xml:3:106-134
	android:anyDensity
		ADDED from src\main\AndroidManifest.xml:3:135-160
application
ADDED from src\main\AndroidManifest.xml:4:3-20:17
	android:label
		ADDED from src\main\AndroidManifest.xml:4:16-48
	android:debuggable
		ADDED from src\main\AndroidManifest.xml:4:49-74
	android:icon
		ADDED from src\main\AndroidManifest.xml:4:75-106
activity#com.unity3d.player.UnityPlayerActivity
ADDED from src\main\AndroidManifest.xml:5:5-11:16
	android:screenOrientation
		ADDED from src\main\AndroidManifest.xml:5:102-140
	android:label
		ADDED from src\main\AndroidManifest.xml:5:69-101
	android:launchMode
		ADDED from src\main\AndroidManifest.xml:5:141-172
	android:hardwareAccelerated
		ADDED from src\main\AndroidManifest.xml:5:355-390
	android:configChanges
		ADDED from src\main\AndroidManifest.xml:5:173-354
	android:name
		ADDED from src\main\AndroidManifest.xml:5:15-68
intent-filter#action:name:android.intent.action.MAIN+category:name:android.intent.category.LAUNCHER
ADDED from src\main\AndroidManifest.xml:6:7-9:23
action#android.intent.action.MAIN
ADDED from src\main\AndroidManifest.xml:7:9-61
	android:name
		ADDED from src\main\AndroidManifest.xml:7:17-58
category#android.intent.category.LAUNCHER
ADDED from src\main\AndroidManifest.xml:8:9-69
	android:name
		ADDED from src\main\AndroidManifest.xml:8:19-66
meta-data#android.notch_support
ADDED from src\main\AndroidManifest.xml:10:7-78
	android:value
		ADDED from src\main\AndroidManifest.xml:10:55-75
	android:name
		ADDED from src\main\AndroidManifest.xml:10:18-54
activity#com.google.ar.core.InstallActivity
ADDED from src\main\AndroidManifest.xml:12:5-284
	android:excludeFromRecents
		ADDED from src\main\AndroidManifest.xml:12:127-160
	android:launchMode
		ADDED from src\main\AndroidManifest.xml:12:186-216
	android:exported
		ADDED from src\main\AndroidManifest.xml:12:161-185
	android:configChanges
		ADDED from src\main\AndroidManifest.xml:12:65-126
	android:theme
		ADDED from src\main\AndroidManifest.xml:12:217-281
	android:name
		ADDED from src\main\AndroidManifest.xml:12:15-64
meta-data#unityplayer.SkipPermissionsDialog
ADDED from src\main\AndroidManifest.xml:13:5-88
	android:value
		ADDED from src\main\AndroidManifest.xml:13:65-85
	android:name
		ADDED from src\main\AndroidManifest.xml:13:16-64
meta-data#com.google.ar.core
ADDED from src\main\AndroidManifest.xml:14:5-77
	android:value
		ADDED from src\main\AndroidManifest.xml:14:50-74
	android:name
		ADDED from src\main\AndroidManifest.xml:14:16-49
meta-data#com.google.ar.core.min_apk_version
ADDED from src\main\AndroidManifest.xml:15:5-94
	android:value
		ADDED from src\main\AndroidManifest.xml:15:66-91
	android:name
		ADDED from src\main\AndroidManifest.xml:15:16-65
meta-data#unity.splash-mode
ADDED from src\main\AndroidManifest.xml:16:5-69
	android:value
		ADDED from src\main\AndroidManifest.xml:16:49-66
	android:name
		ADDED from src\main\AndroidManifest.xml:16:16-48
meta-data#unity.splash-enable
ADDED from src\main\AndroidManifest.xml:17:5-74
	android:value
		ADDED from src\main\AndroidManifest.xml:17:51-71
	android:name
		ADDED from src\main\AndroidManifest.xml:17:16-50
meta-data#notch.config
ADDED from src\main\AndroidManifest.xml:18:5-81
	android:value
		ADDED from src\main\AndroidManifest.xml:18:44-78
	android:name
		ADDED from src\main\AndroidManifest.xml:18:16-43
meta-data#unity.build-id
ADDED from src\main\AndroidManifest.xml:19:5-101
	android:value
		ADDED from src\main\AndroidManifest.xml:19:46-98
	android:name
		ADDED from src\main\AndroidManifest.xml:19:16-45
uses-permission#android.permission.CAMERA
ADDED from src\main\AndroidManifest.xml:21:3-63
	android:name
		ADDED from src\main\AndroidManifest.xml:21:20-60
uses-permission#android.permission.WRITE_EXTERNAL_STORAGE
ADDED from src\main\AndroidManifest.xml:22:3-79
	android:name
		ADDED from src\main\AndroidManifest.xml:22:20-76
uses-permission#android.permission.INTERNET
ADDED from src\main\AndroidManifest.xml:23:3-65
	android:name
		ADDED from src\main\AndroidManifest.xml:23:20-62
uses-permission#android.permission.RECORD_AUDIO
ADDED from src\main\AndroidManifest.xml:24:3-69
	android:name
		ADDED from src\main\AndroidManifest.xml:24:20-66
uses-feature#0x00030000
ADDED from src\main\AndroidManifest.xml:25:3-52
	android:glEsVersion
		ADDED from src\main\AndroidManifest.xml:25:17-49
uses-feature#android.hardware.vulkan.version
ADDED from src\main\AndroidManifest.xml:26:3-91
	android:required
		ADDED from src\main\AndroidManifest.xml:26:64-88
	android:name
		ADDED from src\main\AndroidManifest.xml:26:17-63
uses-feature#android.hardware.touchscreen
ADDED from src\main\AndroidManifest.xml:27:3-88
	android:required
		ADDED from src\main\AndroidManifest.xml:27:61-85
	android:name
		ADDED from src\main\AndroidManifest.xml:27:17-60
uses-feature#android.hardware.touchscreen.multitouch
ADDED from src\main\AndroidManifest.xml:28:3-99
	android:required
		ADDED from src\main\AndroidManifest.xml:28:72-96
	android:name
		ADDED from src\main\AndroidManifest.xml:28:17-71
uses-feature#android.hardware.touchscreen.multitouch.distinct
ADDED from src\main\AndroidManifest.xml:29:3-108
	android:required
		ADDED from src\main\AndroidManifest.xml:29:81-105
	android:name
		ADDED from src\main\AndroidManifest.xml:29:17-80
uses-sdk
INJECTED from src\main\AndroidManifest.xml reason: use-sdk injection requested
INJECTED from src\main\AndroidManifest.xml
INJECTED from src\main\AndroidManifest.xml
INJECTED from src\main\AndroidManifest.xml
INJECTED from src\main\AndroidManifest.xml
	android:targetSdkVersion
		INJECTED from src\main\AndroidManifest.xml
		ADDED from src\main\AndroidManifest.xml
		INJECTED from src\main\AndroidManifest.xml
	android:minSdkVersion
		INJECTED from src\main\AndroidManifest.xml
		ADDED from src\main\AndroidManifest.xml
		INJECTED from src\main\AndroidManifest.xml